<?xml version="1.0" encoding="UTF-8"?>
<!-- Generated by org.testng.reporters.JUnitXMLReporter -->
<testsuite ignored="0" hostname="DESKTOP-ANC6F6S" failures="0" tests="8" name="CRM TestCases" time="105.252" errors="0" timestamp="2021-05-21T13:17:20 IST">
  <testcase classname="com.crm.qa.testcases.LoginPageTest" name="loginPageTitleTest" time="0.058"/>
  <testcase classname="com.crm.qa.testcases.LoginPageTest" name="loginTest" time="4.057"/>
  <testcase classname="com.crm.qa.testcases.HomePageTest" name="logoTest" time="1.608"/>
  <testcase classname="com.crm.qa.testcases.HomePageTest" name="titleTest" time="0.015"/>
  <testcase classname="com.crm.qa.testcases.HomePageTest" name="contactsLinkTest" time="2.187"/>
  <testcase classname="com.crm.qa.testcases.ContactsPageTest" name="createContactTest" time="0.945"/>
  <testcase classname="com.crm.qa.testcases.CreateContactsPageTest" name="contactsTest" time="2.36"/>
  <testcase classname="com.crm.qa.testcases.CreateContactsPageTest" name="contactsTest" time="3.892"/>
</testsuite> <!-- CRM TestCases -->
