<?xml version="1.0" encoding="UTF-8"?>
<testng-results ignored="0" total="8" passed="8" failed="0" skipped="0">
  <reporter-output>
  </reporter-output>
  <suite started-at="2021-05-21T12:49:57 IST" name="Free CRM Automation" finished-at="2021-05-21T12:51:42 IST" duration-ms="105595">
    <groups>
    </groups>
    <test started-at="2021-05-21T12:49:57 IST" name="CRM TestCases" finished-at="2021-05-21T12:51:42 IST" duration-ms="105595">
      <class name="com.crm.qa.testcases.HomePageTest">
        <test-method is-config="true" signature="setUp()[pri:0, instance:com.crm.qa.testcases.HomePageTest@942a29c]" started-at="2021-05-21T12:50:15 IST" name="setUp" finished-at="2021-05-21T12:50:25 IST" duration-ms="9847" status="PASS">
          <reporter-output>
          </reporter-output>
        </test-method> <!-- setUp -->
        <test-method signature="logoTest()[pri:1, instance:com.crm.qa.testcases.HomePageTest@942a29c]" started-at="2021-05-21T12:50:25 IST" name="logoTest" finished-at="2021-05-21T12:50:27 IST" duration-ms="1595" status="PASS">
          <reporter-output>
          </reporter-output>
        </test-method> <!-- logoTest -->
        <test-method is-config="true" signature="tearDown()[pri:0, instance:com.crm.qa.testcases.HomePageTest@942a29c]" started-at="2021-05-21T12:50:27 IST" name="tearDown" finished-at="2021-05-21T12:50:27 IST" duration-ms="1" status="PASS">
          <reporter-output>
          </reporter-output>
        </test-method> <!-- tearDown -->
        <test-method is-config="true" signature="setUp()[pri:0, instance:com.crm.qa.testcases.HomePageTest@942a29c]" started-at="2021-05-21T12:50:27 IST" name="setUp" finished-at="2021-05-21T12:50:39 IST" duration-ms="11654" status="PASS">
          <reporter-output>
          </reporter-output>
        </test-method> <!-- setUp -->
        <test-method signature="titleTest()[pri:2, instance:com.crm.qa.testcases.HomePageTest@942a29c]" started-at="2021-05-21T12:50:39 IST" name="titleTest" finished-at="2021-05-21T12:50:39 IST" duration-ms="12" status="PASS">
          <reporter-output>
          </reporter-output>
        </test-method> <!-- titleTest -->
        <test-method is-config="true" signature="tearDown()[pri:0, instance:com.crm.qa.testcases.HomePageTest@942a29c]" started-at="2021-05-21T12:50:39 IST" name="tearDown" finished-at="2021-05-21T12:50:39 IST" duration-ms="0" status="PASS">
          <reporter-output>
          </reporter-output>
        </test-method> <!-- tearDown -->
        <test-method is-config="true" signature="setUp()[pri:0, instance:com.crm.qa.testcases.HomePageTest@942a29c]" started-at="2021-05-21T12:50:39 IST" name="setUp" finished-at="2021-05-21T12:50:51 IST" duration-ms="12124" status="PASS">
          <reporter-output>
          </reporter-output>
        </test-method> <!-- setUp -->
        <test-method signature="contactsLinkTest()[pri:3, instance:com.crm.qa.testcases.HomePageTest@942a29c]" started-at="2021-05-21T12:50:51 IST" name="contactsLinkTest" finished-at="2021-05-21T12:50:52 IST" duration-ms="1443" status="PASS">
          <reporter-output>
          </reporter-output>
        </test-method> <!-- contactsLinkTest -->
        <test-method is-config="true" signature="tearDown()[pri:0, instance:com.crm.qa.testcases.HomePageTest@942a29c]" started-at="2021-05-21T12:50:52 IST" name="tearDown" finished-at="2021-05-21T12:50:52 IST" duration-ms="1" status="PASS">
          <reporter-output>
          </reporter-output>
        </test-method> <!-- tearDown -->
      </class> <!-- com.crm.qa.testcases.HomePageTest -->
      <class name="com.crm.qa.testcases.ContactsPageTest">
        <test-method is-config="true" signature="setUp()[pri:0, instance:com.crm.qa.testcases.ContactsPageTest@1ed6388a]" started-at="2021-05-21T12:50:52 IST" name="setUp" finished-at="2021-05-21T12:51:06 IST" duration-ms="13937" status="PASS">
          <reporter-output>
          </reporter-output>
        </test-method> <!-- setUp -->
        <test-method signature="createContactTest()[pri:1, instance:com.crm.qa.testcases.ContactsPageTest@1ed6388a]" started-at="2021-05-21T12:51:06 IST" name="createContactTest" finished-at="2021-05-21T12:51:07 IST" duration-ms="651" status="PASS">
          <reporter-output>
          </reporter-output>
        </test-method> <!-- createContactTest -->
        <test-method is-config="true" signature="tearDown()[pri:0, instance:com.crm.qa.testcases.ContactsPageTest@1ed6388a]" started-at="2021-05-21T12:51:07 IST" name="tearDown" finished-at="2021-05-21T12:51:08 IST" duration-ms="1252" status="PASS">
          <reporter-output>
          </reporter-output>
        </test-method> <!-- tearDown -->
      </class> <!-- com.crm.qa.testcases.ContactsPageTest -->
      <class name="com.crm.qa.testcases.LoginPageTest">
        <test-method is-config="true" signature="setUp()[pri:0, instance:com.crm.qa.testcases.LoginPageTest@3c7f66c4]" started-at="2021-05-21T12:49:57 IST" name="setUp" finished-at="2021-05-21T12:50:04 IST" duration-ms="7833" status="PASS">
          <reporter-output>
          </reporter-output>
        </test-method> <!-- setUp -->
        <test-method signature="loginPageTitleTest()[pri:0, instance:com.crm.qa.testcases.LoginPageTest@3c7f66c4]" started-at="2021-05-21T12:50:04 IST" name="loginPageTitleTest" finished-at="2021-05-21T12:50:05 IST" duration-ms="42" status="PASS">
          <reporter-output>
          </reporter-output>
        </test-method> <!-- loginPageTitleTest -->
        <test-method is-config="true" signature="tearDown()[pri:0, instance:com.crm.qa.testcases.LoginPageTest@3c7f66c4]" started-at="2021-05-21T12:50:05 IST" name="tearDown" finished-at="2021-05-21T12:50:05 IST" duration-ms="919" status="PASS">
          <reporter-output>
          </reporter-output>
        </test-method> <!-- tearDown -->
        <test-method is-config="true" signature="setUp()[pri:0, instance:com.crm.qa.testcases.LoginPageTest@3c7f66c4]" started-at="2021-05-21T12:50:05 IST" name="setUp" finished-at="2021-05-21T12:50:11 IST" duration-ms="5565" status="PASS">
          <reporter-output>
          </reporter-output>
        </test-method> <!-- setUp -->
        <test-method signature="loginTest()[pri:0, instance:com.crm.qa.testcases.LoginPageTest@3c7f66c4]" started-at="2021-05-21T12:50:11 IST" name="loginTest" finished-at="2021-05-21T12:50:14 IST" duration-ms="3436" status="PASS">
          <reporter-output>
          </reporter-output>
        </test-method> <!-- loginTest -->
        <test-method is-config="true" signature="tearDown()[pri:0, instance:com.crm.qa.testcases.LoginPageTest@3c7f66c4]" started-at="2021-05-21T12:50:14 IST" name="tearDown" finished-at="2021-05-21T12:50:15 IST" duration-ms="937" status="PASS">
          <reporter-output>
          </reporter-output>
        </test-method> <!-- tearDown -->
      </class> <!-- com.crm.qa.testcases.LoginPageTest -->
      <class name="com.crm.qa.testcases.CreateContactsPageTest">
        <test-method is-config="true" signature="setUp()[pri:0, instance:com.crm.qa.testcases.CreateContactsPageTest@5a45133e]" started-at="2021-05-21T12:51:09 IST" name="setUp" finished-at="2021-05-21T12:51:21 IST" duration-ms="12017" status="PASS">
          <reporter-output>
          </reporter-output>
        </test-method> <!-- setUp -->
        <test-method signature="contactsTest(java.lang.String,java.lang.String,java.lang.String)[pri:0, instance:com.crm.qa.testcases.CreateContactsPageTest@5a45133e]" started-at="2021-05-21T12:51:21 IST" name="contactsTest" data-provider="getCRMData" finished-at="2021-05-21T12:51:25 IST" duration-ms="3363" status="PASS">
          <params>
            <param index="0">
              <value>
                <![CDATA[durga]]>
              </value>
            </param>
            <param index="1">
              <value>
                <![CDATA[ch]]>
              </value>
            </param>
            <param index="2">
              <value>
                <![CDATA[test]]>
              </value>
            </param>
          </params>
          <reporter-output>
          </reporter-output>
        </test-method> <!-- contactsTest -->
        <test-method is-config="true" signature="tearDown()[pri:0, instance:com.crm.qa.testcases.CreateContactsPageTest@5a45133e]" started-at="2021-05-21T12:51:25 IST" name="tearDown" finished-at="2021-05-21T12:51:25 IST" duration-ms="1" status="PASS">
          <reporter-output>
          </reporter-output>
        </test-method> <!-- tearDown -->
        <test-method is-config="true" signature="setUp()[pri:0, instance:com.crm.qa.testcases.CreateContactsPageTest@5a45133e]" started-at="2021-05-21T12:51:25 IST" name="setUp" finished-at="2021-05-21T12:51:39 IST" duration-ms="14886" status="PASS">
          <reporter-output>
          </reporter-output>
        </test-method> <!-- setUp -->
        <test-method signature="contactsTest(java.lang.String,java.lang.String,java.lang.String)[pri:0, instance:com.crm.qa.testcases.CreateContactsPageTest@5a45133e]" started-at="2021-05-21T12:51:39 IST" name="contactsTest" data-provider="getCRMData" finished-at="2021-05-21T12:51:42 IST" duration-ms="2772" status="PASS">
          <params>
            <param index="0">
              <value>
                <![CDATA[prasad]]>
              </value>
            </param>
            <param index="1">
              <value>
                <![CDATA[ch]]>
              </value>
            </param>
            <param index="2">
              <value>
                <![CDATA[test]]>
              </value>
            </param>
          </params>
          <reporter-output>
          </reporter-output>
        </test-method> <!-- contactsTest -->
        <test-method is-config="true" signature="tearDown()[pri:0, instance:com.crm.qa.testcases.CreateContactsPageTest@5a45133e]" started-at="2021-05-21T12:51:42 IST" name="tearDown" finished-at="2021-05-21T12:51:42 IST" duration-ms="0" status="PASS">
          <reporter-output>
          </reporter-output>
        </test-method> <!-- tearDown -->
      </class> <!-- com.crm.qa.testcases.CreateContactsPageTest -->
    </test> <!-- CRM TestCases -->
  </suite> <!-- Free CRM Automation -->
</testng-results>
